<?xml version="1.0" encoding="UTF-8"?>
<!-- Generated by org.testng.reporters.JUnitReportReporter -->
<testsuite hostname="DESKTOP-UCU1O43" failures="0" tests="4" name="com.qa.testscripts.Handling_Alerts_Demo" time="39.337" errors="0" timestamp="2025-06-26T15:21:37 IST" skipped="0">
  <testcase classname="com.qa.testscripts.Handling_Alerts_Demo" name="AcceptAlertTest" time="7.218"/>
  <testcase classname="com.qa.testscripts.Handling_Alerts_Demo" name="DismissAlertTest" time="8.993"/>
  <testcase classname="com.qa.testscripts.Handling_Alerts_Demo" name="GetTextAlertText" time="16.293"/>
  <testcase classname="com.qa.testscripts.Handling_Alerts_Demo" name="SendKeysAlertText" time="6.833"/>
</testsuite> <!-- com.qa.testscripts.Handling_Alerts_Demo -->
