<?xml version="1.0" encoding="UTF-8"?>
<!-- Generated by org.testng.reporters.JUnitReportReporter -->
<testsuite hostname="DESKTOP-UCU1O43" failures="0" tests="5" name="com.qa.testscripts.WebPage_Scrolling_Demo" time="17.073" errors="0" timestamp="2025-06-26T15:21:37 IST" skipped="0">
  <testcase classname="com.qa.testscripts.WebPage_Scrolling_Demo" name="ScrollDownUsingPixel" time="6.792"/>
  <testcase classname="com.qa.testscripts.WebPage_Scrolling_Demo" name="ScrollDownUsingWebElemnt" time="2.088"/>
  <testcase classname="com.qa.testscripts.WebPage_Scrolling_Demo" name="ScrollDownUsingBottomPage" time="2.043"/>
  <testcase classname="com.qa.testscripts.WebPage_Scrolling_Demo" name="ScrollToTop" time="4.081"/>
  <testcase classname="com.qa.testscripts.WebPage_Scrolling_Demo" name="ScrollUsingActions" time="2.069"/>
</testsuite> <!-- com.qa.testscripts.WebPage_Scrolling_Demo -->
