<?xml version="1.0" encoding="UTF-8"?>
<!-- Generated by org.testng.reporters.JUnitReportReporter -->
<testsuite hostname="DESKTOP-UCU1O43" failures="0" tests="1" name="com.qa.testscripts.Amazon_Loactors" time="18.297" errors="0" timestamp="2025-06-26T15:21:37 IST" skipped="0">
  <testcase classname="com.qa.testscripts.Amazon_Loactors" name="LaunchBrowser" time="18.297"/>
</testsuite> <!-- com.qa.testscripts.Amazon_Loactors -->
