<?xml version="1.0" encoding="UTF-8"?>
<!-- Generated by org.testng.reporters.JUnitReportReporter -->
<testsuite hostname="DESKTOP-UCU1O43" failures="0" tests="1" name="com.qa.testscripts.FlipKart_GetCommands" time="12.064" errors="0" timestamp="2025-06-26T15:07:56 IST" skipped="0">
  <testcase classname="com.qa.testscripts.FlipKart_GetCommands" name="LaunchBrowser" time="12.064"/>
</testsuite> <!-- com.qa.testscripts.FlipKart_GetCommands -->
