<?xml version="1.0" encoding="UTF-8"?>
<!-- Generated by org.testng.reporters.JUnitReportReporter -->
<testsuite hostname="DESKTOP-UCU1O43" failures="0" tests="4" name="com.qa.testscripts.Handling_Alerts_Demo" time="25.391" errors="0" timestamp="2025-06-26T15:07:56 IST" skipped="0">
  <testcase classname="com.qa.testscripts.Handling_Alerts_Demo" name="AcceptAlertTest" time="9.036"/>
  <testcase classname="com.qa.testscripts.Handling_Alerts_Demo" name="DismissAlertTest" time="4.689"/>
  <testcase classname="com.qa.testscripts.Handling_Alerts_Demo" name="GetTextAlertText" time="4.583"/>
  <testcase classname="com.qa.testscripts.Handling_Alerts_Demo" name="SendKeysAlertText" time="7.083"/>
</testsuite> <!-- com.qa.testscripts.Handling_Alerts_Demo -->
