<?xml version="1.0" encoding="UTF-8"?>
<!-- Generated by org.testng.reporters.JUnitReportReporter -->
<testsuite hostname="DESKTOP-UCU1O43" failures="0" tests="1" name="com.qa.testscripts.Waits_Demo" time="8.352" errors="0" timestamp="2025-06-26T15:21:37 IST" skipped="0">
  <testcase classname="com.qa.testscripts.Waits_Demo" name="FluentWaitTest" time="8.352"/>
</testsuite> <!-- com.qa.testscripts.Waits_Demo -->
