<?xml version="1.0" encoding="UTF-8"?>
<!-- Generated by org.testng.reporters.JUnitReportReporter -->
<testsuite hostname="DESKTOP-UCU1O43" failures="0" tests="5" name="com.qa.testscripts.WebPage_Scrolling_Demo" time="22.743" errors="0" timestamp="2025-06-26T15:07:56 IST" skipped="0">
  <testcase classname="com.qa.testscripts.WebPage_Scrolling_Demo" name="ScrollDownUsingPixel" time="6.126"/>
  <testcase classname="com.qa.testscripts.WebPage_Scrolling_Demo" name="ScrollDownUsingWebElemnt" time="2.273"/>
  <testcase classname="com.qa.testscripts.WebPage_Scrolling_Demo" name="ScrollDownUsingBottomPage" time="7.980"/>
  <testcase classname="com.qa.testscripts.WebPage_Scrolling_Demo" name="ScrollToTop" time="4.245"/>
  <testcase classname="com.qa.testscripts.WebPage_Scrolling_Demo" name="ScrollUsingActions" time="2.119"/>
</testsuite> <!-- com.qa.testscripts.WebPage_Scrolling_Demo -->
