<?xml version="1.0" encoding="UTF-8"?>
<!-- Generated by org.testng.reporters.JUnitReportReporter -->
<testsuite hostname="DESKTOP-UCU1O43" failures="0" tests="1" name="com.qa.testscripts.LaunchBrowser" time="40.118" errors="0" timestamp="2025-06-26T15:07:55 IST" skipped="0">
  <testcase classname="com.qa.testscripts.LaunchBrowser" name="LoginFun" time="40.118"/>
</testsuite> <!-- com.qa.testscripts.LaunchBrowser -->
