<?xml version="1.0" encoding="UTF-8"?>
<!-- Generated by org.testng.reporters.JUnitReportReporter -->
<testsuite hostname="DESKTOP-UCU1O43" failures="0" tests="1" name="com.qa.testscripts.ActionClass_Demo" time="41.250" errors="0" timestamp="2025-06-26T15:21:37 IST" skipped="0">
  <testcase classname="com.qa.testscripts.ActionClass_Demo" name="LaunchBrowser" time="41.250"/>
</testsuite> <!-- com.qa.testscripts.ActionClass_Demo -->
